\BOOKMARK [0][-]{chapter*.1}{\376\377\000L\036\335\000i\000\040\000n\000\363\000i\000\040\001\021\036\247\000u}{}% 1
\BOOKMARK [0][-]{chapter*.2}{\376\377\000G\000i\036\333\000i\000\040\000t\000h\000i\036\307\000u\000\040\000c\000h\000u\000n\000g}{}% 2
\BOOKMARK [0][-]{chapter.1}{\376\377\000N\000h\000\342\000n\000\040\000v\000e\000c\000t\000o\000r\000\040\000v\036\333\000i\000\040\000m\000a\000\040\000t\000r\036\255\000n}{}% 3
\BOOKMARK [1][-]{section.1.1}{\376\377\000T\000h\000u\036\255\000t\000\040\000t\000o\000\341\000n\000\040\000t\000u\036\247\000n\000\040\000t\036\361}{chapter.1}% 4
\BOOKMARK [1][-]{section.1.2}{\376\377\000T\000h\000u\036\255\000t\000\040\000t\000o\000\341\000n\000\040\000s\000o\000n\000g\000\040\000s\000o\000n\000g}{chapter.1}% 5
\BOOKMARK [1][-]{section.1.3}{\376\377\001\020\000\341\000n\000h\000\040\000g\000i\000\341}{chapter.1}% 6
\BOOKMARK [0][-]{chapter.2}{\376\377\000T\000\354\000m\000\040\000s\036\321\000\040\000n\000g\000u\000y\000\352\000n\000\040\000t\036\321}{}% 7
\BOOKMARK [1][-]{section.2.1}{\376\377\000T\000h\000u\036\255\000t\000\040\000t\000o\000\341\000n\000\040\000t\000u\036\247\000n\000\040\000t\036\361}{chapter.2}% 8
\BOOKMARK [1][-]{section.2.2}{\376\377\000T\000h\000u\036\255\000t\000\040\000t\000o\000\341\000n\000\040\000s\000o\000n\000g\000\040\000s\000o\000n\000g}{chapter.2}% 9
\BOOKMARK [1][-]{section.2.3}{\376\377\001\020\000\341\000n\000h\000\040\000g\000i\000\341}{chapter.2}% 10
\BOOKMARK [0][-]{chapter.3}{\376\377\000T\000\355\000n\000h\000\040\000s\036\321\000\040\000F\000i\000b\000o\000n\000a\000c\000c\000i}{}% 11
\BOOKMARK [1][-]{section.3.1}{\376\377\000T\000h\000u\036\255\000t\000\040\000t\000o\000\341\000n\000\040\000t\000u\036\247\000n\000\040\000t\036\361}{chapter.3}% 12
\BOOKMARK [1][-]{section.3.2}{\376\377\000T\000h\000u\036\255\000t\000\040\000t\000o\000\341\000n\000\040\000s\000o\000n\000g\000\040\000s\000o\000n\000g}{chapter.3}% 13
\BOOKMARK [1][-]{section.3.3}{\376\377\001\020\000\341\000n\000h\000\040\000g\000i\000\341}{chapter.3}% 14
\BOOKMARK [0][-]{chapter.4}{\376\377\000T\000\355\000n\000h\000\040\000s\036\321\000\040\000P\000I}{}% 15
\BOOKMARK [1][-]{section.4.1}{\376\377\000T\000h\000u\036\255\000t\000\040\000t\000o\000\341\000n\000\040\000t\000u\036\247\000n\000\040\000t\036\361}{chapter.4}% 16
\BOOKMARK [1][-]{section.4.2}{\376\377\000T\000h\000u\036\255\000t\000\040\000t\000o\000\341\000n\000\040\000s\000o\000n\000g\000\040\000s\000o\000n\000g}{chapter.4}% 17
\BOOKMARK [1][-]{section.4.3}{\376\377\001\020\000\341\000n\000h\000\040\000g\000i\000\341}{chapter.4}% 18
\BOOKMARK [2][-]{subsection.4.3.1}{\376\377\000T\000r\000\352\000n\000\040\000W\000i\000n\000d\000o\000w\000s}{section.4.3}% 19
\BOOKMARK [2][-]{subsection.4.3.2}{\376\377\000T\000r\000\352\000n\000\040\000L\000i\000n\000u\000x}{section.4.3}% 20
\BOOKMARK [0][-]{chapter*.4}{\376\377\000K\036\277\000t\000\040\000l\000u\036\255\000n}{}% 21
\BOOKMARK [0][-]{chapter*.5}{\376\377\000T\000\340\000i\000\040\000l\000i\036\307\000u\000\040\000t\000h\000a\000m\000\040\000k\000h\036\243\000o}{}% 22
